<?xml version="1.0" encoding="UTF-8"?>
<Site BuildName="(empty)"
	BuildStamp="20241230-1519-Experimental"
	Name="(empty)"
	Generator="ctest-3.31.2"
	CompilerName=""
	CompilerVersion=""
	OSName="Windows"
	Hostname="DESKTOP-QQVJG25"
	OSRelease=" Personal"
	OSVersion=" (Build 19045)"
	OSPlatform="AMD64"
	Is64Bits="1"
	VendorString="GenuineIntel"
	VendorID="Intel Corporation"
	FamilyID="6"
	ModelID="14"
	ModelName=""
	ProcessorCacheSize="-1"
	NumberOfLogicalCPU="4"
	NumberOfPhysicalCPU="4"
	TotalVirtualMemory="15909"
	TotalPhysicalMemory="8127"
	LogicalProcessorsPerPhysical="1"
	ProcessorClockFrequency="3504"
	>
	<Testing>
		<StartDateTime>Dec 30 16:19 V[NON-UTF-8-BYTE-0xE4]steuropa, normaltid</StartDateTime>
		<StartTestTime>1735571998</StartTestTime>
		<TestList/>
		<EndDateTime>Dec 30 16:19 V[NON-UTF-8-BYTE-0xE4]steuropa, normaltid</EndDateTime>
		<EndTestTime>1735571998</EndTestTime>
		<ElapsedMinutes>0</ElapsedMinutes>
	</Testing>
</Site>
